<?xml version="1.0" encoding="UTF-8"?>
<!-- Generated by org.testng.reporters.JUnitReportReporter -->
<testsuite hostname="ZIL1322" failures="0" tests="2" name="gmd.sand.tests.LoginTest" time="17.844" errors="0" timestamp="2025-08-31T16:04:43 IST" skipped="0">
  <testcase classname="gmd.sand.tests.LoginTest" name="validUserLogin" time="8.222"/>
  <testcase classname="gmd.sand.tests.LoginTest" name="invalidUserLogin" time="9.622"/>
</testsuite> <!-- gmd.sand.tests.LoginTest -->
