<?xml version="1.0" encoding="UTF-8"?>
<!-- Generated by org.testng.reporters.JUnitReportReporter -->
<testsuite hostname="ZIL1322" failures="0" tests="2" name="gmd.sand.tests.LoginTest" time="29.385" errors="0" timestamp="2025-09-02T03:46:42 IST" skipped="0">
  <testcase classname="gmd.sand.tests.LoginTest" name="invalidUserLogin" time="15.492"/>
  <testcase classname="gmd.sand.tests.LoginTest" name="validUserLogin" time="13.893"/>
</testsuite> <!-- gmd.sand.tests.LoginTest -->
