<?xml version="1.0" encoding="UTF-8"?>
<!-- Generated by org.testng.reporters.JUnitReportReporter -->
<testsuite hostname="ZIL1322" failures="0" tests="1" name="gmd.sand.tests.CheckoutPageTest" time="23.541" errors="0" timestamp="2025-09-02T03:46:42 IST" skipped="0">
  <testcase classname="gmd.sand.tests.CheckoutPageTest" name="PlaceOrder" time="23.541"/>
</testsuite> <!-- gmd.sand.tests.CheckoutPageTest -->
