<?xml version="1.0" encoding="UTF-8"?>
<!-- Generated by org.testng.reporters.JUnitReportReporter -->
<testsuite hostname="ZIL1322" failures="0" tests="1" name="gmd.sand.tests.CheckoutPageTest" time="25.334" errors="0" timestamp="2025-08-31T23:08:18 IST" skipped="0">
  <testcase classname="gmd.sand.tests.CheckoutPageTest" name="PlaceOrder" time="25.334"/>
</testsuite> <!-- gmd.sand.tests.CheckoutPageTest -->
