<?xml version="1.0" encoding="UTF-8"?>
<!-- Generated by org.testng.reporters.JUnitReportReporter -->
<testsuite hostname="ZIL1322" failures="0" tests="1" name="gmd.sand.tests.LoginTestWithExcelData" time="5.721" errors="0" timestamp="2025-09-19T23:45:54 IST" skipped="0">
  <testcase classname="gmd.sand.tests.LoginTestWithExcelData" name="validUserLogin" time="5.721"/>
</testsuite> <!-- gmd.sand.tests.LoginTestWithExcelData -->
